
> @workspace/api-server@0.0.0 start C:\Users\thush\Desktop\New folder\Thirukkural-Parser\artifacts\api-server
> node --enable-source-maps ./dist/index.mjs

[11:47:00.691] [31mERROR[39m (36332): [36mError listening on port[39m
    err: {
      "type": "Error",
      "message": "listen EADDRINUSE: address already in use :::3000",
      "stack":
          Error: listen EADDRINUSE: address already in use :::3000
              at Server.setupListenHandle [as _listen2] (node:net:1948:16)
              at listenInCluster (node:net:2005:12)
              at Server.listen (node:net:2110:7)
              at app2.listen (C:\Users\thush\Desktop\New folder\Thirukkural-Parser\node_modules\.pnpm\express@5.2.1\node_modules\express\lib\application.js:605:24)
              at <anonymous> (C:\Users\thush\Desktop\New folder\Thirukkural-Parser\artifacts\api-server\src\index.ts:11:5)
              at ModuleJob.run (node:internal/modules/esm/module_job:430:25)
              at async onImport.tracePromise.__proto__ (node:internal/modules/esm/loader:661:26)
              at async asyncRunEntryPointWithESMLoader (node:internal/modules/run_main:101:5)
      "code": "EADDRINUSE",
      "errno": -4091,
      "syscall": "listen",
      "address": "::",
      "port": 3000
    }
C:\Users\thush\Desktop\New folder\Thirukkural-Parser\artifacts\api-server:
 ERR_PNPM_RECURSIVE_RUN_FIRST_FAIL  @workspace/api-server@0.0.0 start: `node --enable-source-maps ./dist/index.mjs`
Exit status 1
