
> @workspace/api-server@0.0.0 dev C:\Users\thush\Desktop\New folder\Thirukkural-Parser\artifacts\api-server
> set NODE_ENV=development && pnpm run build && pnpm run start


> @workspace/api-server@0.0.0 build C:\Users\thush\Desktop\New folder\Thirukkural-Parser\artifacts\api-server
> node ./build.mjs


  dist\index.mjs                   1.4mb
  dist\pino-worker.mjs           153.5kb
  dist\pino-file.mjs             142.1kb
  dist\pino-pretty.mjs           114.6kb
  dist\thread-stream-worker.mjs    7.3kb
  ...and 5 more output files...

Done in 609ms

> @workspace/api-server@0.0.0 start C:\Users\thush\Desktop\New folder\Thirukkural-Parser\artifacts\api-server
> node --enable-source-maps ./dist/index.mjs

[20:43:08.984] [31mERROR[39m (33784): [36mError listening on port[39m
    err: {
      "type": "Error",
      "message": "listen EADDRINUSE: address already in use :::3000",
      "stack":
          Error: listen EADDRINUSE: address already in use :::3000
              at Server.setupListenHandle [as _listen2] (node:net:1948:16)
              at listenInCluster (node:net:2005:12)
              at Server.listen (node:net:2110:7)
              at app2.listen (C:\Users\thush\Desktop\New folder\Thirukkural-Parser\node_modules\.pnpm\express@5.2.1\node_modules\express\lib\application.js:605:24)
              at <anonymous> (C:\Users\thush\Desktop\New folder\Thirukkural-Parser\artifacts\api-server\src\index.ts:11:5)
              at ModuleJob.run (node:internal/modules/esm/module_job:430:25)
              at async onImport.tracePromise.__proto__ (node:internal/modules/esm/loader:661:26)
              at async asyncRunEntryPointWithESMLoader (node:internal/modules/run_main:101:5)
      "code": "EADDRINUSE",
      "errno": -4091,
      "syscall": "listen",
      "address": "::",
      "port": 3000
    }
 ELIFECYCLE  Command failed with exit code 1.
C:\Users\thush\Desktop\New folder\Thirukkural-Parser\artifacts\api-server:
 ERR_PNPM_RECURSIVE_RUN_FIRST_FAIL  @workspace/api-server@0.0.0 dev: `set NODE_ENV=development && pnpm run build && pnpm run start`
Exit status 1

C:\Users\thush\Desktop\New folder\Thirukkural-Parser>