
> @workspace/thirukkural-app@0.0.0 dev C:\Users\thush\Desktop\New folder\Thirukkural-Parser\artifacts\thirukkural-app
> expo start --web "--" "--tunnel"

Starting project at C:\Users\thush\Desktop\New folder\Thirukkural-Parser\artifacts\thirukkural-app
React Compiler enabled
Starting Metro Bundler
Tunnel connected.
Tunnel ready.
The following packages should be updated for best compatibility with the installed expo version:
  react-native-keyboard-controller@1.21.3 - expected version: 1.18.5
Your project may not work correctly until you install the expected versions of the packages.
Waiting on http://localhost:8081
Logs for your project will appear below.
Web node_modules\.pnpm\expo-router@6.0.23_@types+r_abd38177f532ddff11e5834956475527\node_modules\expo-router\entry.js ▓▓▓▓▓▓░░░░░░░░░░ 38.7% (352/615)
Web Bundled 4391ms node_modules\.pnpm\expo-router@6.0.23_@types+r_abd38177f532ddff11e5834956475527\node_modules\expo-router\entry.js (1446 modules)
 LOG  [web] Logs will appear in the browser console
Tunnel connection has been closed. This is often related to intermittent connection issues between the dev server and ngrok. Restart the dev server to try connecting to ngrok again.
Check the Ngrok status page for outages: https://status.ngrok.com/
Tunnel connected.
Tunnel connection has been closed. This is often related to intermittent connection issues between the dev server and ngrok. Restart the dev server to try connecting to ngrok again.
Check the Ngrok status page for outages: https://status.ngrok.com/
