  --non-interactive is not supported, use $CI=1 instead
Starting project at C:\Users\thush\Desktop\New folder\Thirukkural-Parser\artifacts\thirukkural-app
React Compiler enabled
Starting Metro Bundler
Error while reading cache, falling back to a full crawl:
 Error: Unable to deserialize cloned data.
    at deserialize (node:v8:469:14)
    at DiskCacheManager.read (C:\Users\thush\Desktop\New folder\Thirukkural-Parser\node_modules\.pnpm\metro-file-map@0.83.3\node_modules\metro-file-map\src\cache\DiskCacheManager.js:60:33)
    at FileMap.read (C:\Users\thush\Desktop\New folder\Thirukkural-Parser\node_modules\.pnpm\metro-file-map@0.83.3\node_modules\metro-file-map\src\index.js:284:14)
    at C:\Users\thush\Desktop\New folder\Thirukkural-Parser\node_modules\.pnpm\metro-file-map@0.83.3\node_modules\metro-file-map\src\index.js:202:25
    at DependencyGraph.ready (C:\Users\thush\Desktop\New folder\Thirukkural-Parser\node_modules\.pnpm\metro@0.83.3\node_modules\metro\src\node-haste\DependencyGraph.js:88:5)
    at Bundler.ready (C:\Users\thush\Desktop\New folder\Thirukkural-Parser\node_modules\.pnpm\metro@0.83.3\node_modules\metro\src\Bundler.js:62:5)
    at IncrementalBundler.ready (C:\Users\thush\Desktop\New folder\Thirukkural-Parser\node_modules\.pnpm\metro@0.83.3\node_modules\metro\src\IncrementalBundler.js:302:5)
    at Server.ready (C:\Users\thush\Desktop\New folder\Thirukkural-Parser\node_modules\.pnpm\metro@0.83.3\node_modules\metro\src\Server.js:1305:5)
CommandError: TypeError: Cannot read properties of undefined (reading 'body')
Check the Ngrok status page for outages: https://status.ngrok.com/
undefined
C:\Users\thush\Desktop\New folder\Thirukkural-Parser\artifacts\thirukkural-app:
 ERR_PNPM_RECURSIVE_EXEC_FIRST_FAIL  Command failed with exit code 1: expo start --tunnel --non-interactive

C:\Users\thush\Desktop\New folder\Thirukkural-Parser>