
> @workspace/scripts@0.0.0 migrate C:\Users\thush\Desktop\New folder\Thirukkural-Parser\scripts
> tsx ./src/migrate.ts


node:internal/modules/run_main:107
    triggerUncaughtException(
    ^
Error [ERR_MODULE_NOT_FOUND]: Cannot find package 'drizzle-orm' imported from C:\Users\thush\Desktop\New folder\Thirukkural-Parser\scripts\src\migrate.ts
Did you mean to import "drizzle-orm/libsql/index.cjs"?
    at Object.getPackageJSONURL (node:internal/modules/package_json_reader:301:9)
    at packageResolve (node:internal/modules/esm/resolve:768:81)
    at moduleResolve (node:internal/modules/esm/resolve:859:18)
    at defaultResolve (node:internal/modules/esm/resolve:991:11)
    at nextResolve (node:internal/modules/esm/hooks:785:28)
    at resolveBase (file:///C:/Users/thush/Desktop/New%20folder/Thirukkural-Parser/node_modules/.pnpm/tsx@4.21.0/node_modules/tsx/dist/esm/index.mjs?1775752120047:2:3744)
    at resolveDirectory (file:///C:/Users/thush/Desktop/New%20folder/Thirukkural-Parser/node_modules/.pnpm/tsx@4.21.0/node_modules/tsx/dist/esm/index.mjs?1775752120047:2:4243)
    at resolveTsPaths (file:///C:/Users/thush/Desktop/New%20folder/Thirukkural-Parser/node_modules/.pnpm/tsx@4.21.0/node_modules/tsx/dist/esm/index.mjs?1775752120047:2:4984)
    at resolve (file:///C:/Users/thush/Desktop/New%20folder/Thirukkural-Parser/node_modules/.pnpm/tsx@4.21.0/node_modules/tsx/dist/esm/index.mjs?1775752120047:2:5361)
    at nextResolve (node:internal/modules/esm/hooks:785:28) {
  code: 'ERR_MODULE_NOT_FOUND'
}

Node.js v24.14.0
C:\Users\thush\Desktop\New folder\Thirukkural-Parser\scripts:
 ERR_PNPM_RECURSIVE_RUN_FIRST_FAIL  @workspace/scripts@0.0.0 migrate: `tsx ./src/migrate.ts`
Exit status 1
